2024-11-30 20:44:34.792  INFO 7856 --- [restartedMain] com.jbk.CampusdrivetrackApplication      : Starting CampusdrivetrackApplication using Java 21.0.3 on LAPTOP-GJ3ODAL2 with PID 7856 (C:\Users\Ruturaj\Downloads\campusdrivetrack\campusdrivetrack\target\classes started by Ruturaj in C:\Users\Ruturaj\Downloads\campusdrivetrack\campusdrivetrack)
2024-11-30 20:44:34.796  INFO 7856 --- [restartedMain] com.jbk.CampusdrivetrackApplication      : No active profile set, falling back to 1 default profile: "default"
2024-11-30 20:44:35.209  INFO 7856 --- [restartedMain] .s.d.r.c.RepositoryConfigurationDelegate : Bootstrapping Spring Data JPA repositories in DEFAULT mode.
2024-11-30 20:44:35.230  INFO 7856 --- [restartedMain] .s.d.r.c.RepositoryConfigurationDelegate : Finished Spring Data repository scanning in 20 ms. Found 0 JPA repository interfaces.
2024-11-30 20:44:35.471  INFO 7856 --- [restartedMain] o.s.b.w.embedded.tomcat.TomcatWebServer  : Tomcat initialized with port(s): 8080 (http)
2024-11-30 20:44:35.479  INFO 7856 --- [restartedMain] o.apache.catalina.core.StandardService   : Starting service [Tomcat]
2024-11-30 20:44:35.480  INFO 7856 --- [restartedMain] org.apache.catalina.core.StandardEngine  : Starting Servlet engine: [Apache Tomcat/9.0.82]
2024-11-30 20:44:35.534  INFO 7856 --- [restartedMain] o.a.c.c.C.[Tomcat].[localhost].[/]       : Initializing Spring embedded WebApplicationContext
2024-11-30 20:44:35.534  INFO 7856 --- [restartedMain] w.s.c.ServletWebServerApplicationContext : Root WebApplicationContext: initialization completed in 731 ms
2024-11-30 20:44:35.641  INFO 7856 --- [restartedMain] o.hibernate.jpa.internal.util.LogHelper  : HHH000204: Processing PersistenceUnitInfo [name: default]
2024-11-30 20:44:35.656  INFO 7856 --- [restartedMain] com.zaxxer.hikari.HikariDataSource       : HikariPool-2 - Starting...
2024-11-30 20:44:35.690  INFO 7856 --- [restartedMain] com.zaxxer.hikari.HikariDataSource       : HikariPool-2 - Start completed.
2024-11-30 20:44:35.695  INFO 7856 --- [restartedMain] org.hibernate.dialect.Dialect            : HHH000400: Using dialect: org.hibernate.dialect.MySQL8Dialect
2024-11-30 20:44:35.947  INFO 7856 --- [restartedMain] o.h.e.t.j.p.i.JtaPlatformInitiator       : HHH000490: Using JtaPlatform implementation: [org.hibernate.engine.transaction.jta.platform.internal.NoJtaPlatform]
2024-11-30 20:44:35.947  INFO 7856 --- [restartedMain] j.LocalContainerEntityManagerFactoryBean : Initialized JPA EntityManagerFactory for persistence unit 'default'
2024-11-30 20:44:36.177  WARN 7856 --- [restartedMain] JpaBaseConfiguration$JpaWebConfiguration : spring.jpa.open-in-view is enabled by default. Therefore, database queries may be performed during view rendering. Explicitly configure spring.jpa.open-in-view to disable this warning
2024-11-30 20:44:36.486  INFO 7856 --- [restartedMain] o.s.b.d.a.OptionalLiveReloadServer       : LiveReload server is running on port 35729
2024-11-30 20:44:36.514  INFO 7856 --- [restartedMain] o.s.b.w.embedded.tomcat.TomcatWebServer  : Tomcat started on port(s): 8080 (http) with context path ''
2024-11-30 20:44:36.522  INFO 7856 --- [restartedMain] com.jbk.CampusdrivetrackApplication      : Started CampusdrivetrackApplication in 1.833 seconds (JVM running for 139.961)
2024-11-30 20:44:36.529  INFO 7856 --- [restartedMain] .ConditionEvaluationDeltaLoggingListener : Condition evaluation unchanged
2024-11-30 20:44:47.999  INFO 7856 --- [http-nio-8080-exec-3] o.a.c.c.C.[Tomcat].[localhost].[/]       : Initializing Spring DispatcherServlet 'dispatcherServlet'
2024-11-30 20:44:48.000  INFO 7856 --- [http-nio-8080-exec-3] o.s.web.servlet.DispatcherServlet        : Initializing Servlet 'dispatcherServlet'
2024-11-30 20:44:48.003  INFO 7856 --- [http-nio-8080-exec-3] o.s.web.servlet.DispatcherServlet        : Completed initialization in 2 ms
2024-11-30 20:50:41.876  INFO 14008 --- [restartedMain] com.jbk.CampusdrivetrackApplication      : Starting CampusdrivetrackApplication using Java 21.0.3 on LAPTOP-GJ3ODAL2 with PID 14008 (C:\Users\Ruturaj\Downloads\campusdrivetrack\campusdrivetrack\target\classes started by Ruturaj in C:\Users\Ruturaj\Downloads\campusdrivetrack\campusdrivetrack)
2024-11-30 20:50:41.878  INFO 14008 --- [restartedMain] com.jbk.CampusdrivetrackApplication      : No active profile set, falling back to 1 default profile: "default"
2024-11-30 20:50:41.987  INFO 14008 --- [restartedMain] .e.DevToolsPropertyDefaultsPostProcessor : Devtools property defaults active! Set 'spring.devtools.add-properties' to 'false' to disable
2024-11-30 20:50:41.988  INFO 14008 --- [restartedMain] .e.DevToolsPropertyDefaultsPostProcessor : For additional web related logging consider setting the 'logging.level.web' property to 'DEBUG'
2024-11-30 20:50:43.423  INFO 14008 --- [restartedMain] .s.d.r.c.RepositoryConfigurationDelegate : Bootstrapping Spring Data JPA repositories in DEFAULT mode.
2024-11-30 20:50:43.462  INFO 14008 --- [restartedMain] .s.d.r.c.RepositoryConfigurationDelegate : Finished Spring Data repository scanning in 21 ms. Found 0 JPA repository interfaces.
2024-11-30 20:50:44.911  INFO 14008 --- [restartedMain] o.s.b.w.embedded.tomcat.TomcatWebServer  : Tomcat initialized with port(s): 8080 (http)
2024-11-30 20:50:44.938  INFO 14008 --- [restartedMain] o.apache.catalina.core.StandardService   : Starting service [Tomcat]
2024-11-30 20:50:44.940  INFO 14008 --- [restartedMain] org.apache.catalina.core.StandardEngine  : Starting Servlet engine: [Apache Tomcat/9.0.82]
2024-11-30 20:50:45.131  INFO 14008 --- [restartedMain] o.a.c.c.C.[Tomcat].[localhost].[/]       : Initializing Spring embedded WebApplicationContext
2024-11-30 20:50:45.132  INFO 14008 --- [restartedMain] w.s.c.ServletWebServerApplicationContext : Root WebApplicationContext: initialization completed in 3142 ms
2024-11-30 20:50:45.460  INFO 14008 --- [restartedMain] o.hibernate.jpa.internal.util.LogHelper  : HHH000204: Processing PersistenceUnitInfo [name: default]
2024-11-30 20:50:45.563  INFO 14008 --- [restartedMain] org.hibernate.Version                    : HHH000412: Hibernate ORM core version 5.6.15.Final
2024-11-30 20:50:45.898  INFO 14008 --- [restartedMain] o.hibernate.annotations.common.Version   : HCANN000001: Hibernate Commons Annotations {5.1.2.Final}
2024-11-30 20:50:46.101  INFO 14008 --- [restartedMain] com.zaxxer.hikari.HikariDataSource       : HikariPool-1 - Starting...
2024-11-30 20:50:46.786  INFO 14008 --- [restartedMain] com.zaxxer.hikari.HikariDataSource       : HikariPool-1 - Start completed.
2024-11-30 20:50:46.831  INFO 14008 --- [restartedMain] org.hibernate.dialect.Dialect            : HHH000400: Using dialect: org.hibernate.dialect.MySQL8Dialect
2024-11-30 20:50:48.441  INFO 14008 --- [restartedMain] o.h.e.t.j.p.i.JtaPlatformInitiator       : HHH000490: Using JtaPlatform implementation: [org.hibernate.engine.transaction.jta.platform.internal.NoJtaPlatform]
2024-11-30 20:50:48.463  INFO 14008 --- [restartedMain] j.LocalContainerEntityManagerFactoryBean : Initialized JPA EntityManagerFactory for persistence unit 'default'
2024-11-30 20:50:48.741  WARN 14008 --- [restartedMain] JpaBaseConfiguration$JpaWebConfiguration : spring.jpa.open-in-view is enabled by default. Therefore, database queries may be performed during view rendering. Explicitly configure spring.jpa.open-in-view to disable this warning
2024-11-30 20:50:49.456  INFO 14008 --- [restartedMain] o.s.b.d.a.OptionalLiveReloadServer       : LiveReload server is running on port 35729
2024-11-30 20:50:49.528  INFO 14008 --- [restartedMain] o.s.b.w.embedded.tomcat.TomcatWebServer  : Tomcat started on port(s): 8080 (http) with context path ''
2024-11-30 20:50:49.553  INFO 14008 --- [restartedMain] com.jbk.CampusdrivetrackApplication      : Started CampusdrivetrackApplication in 8.302 seconds (JVM running for 9.243)
2024-11-30 20:50:56.729  INFO 14008 --- [http-nio-8080-exec-3] o.a.c.c.C.[Tomcat].[localhost].[/]       : Initializing Spring DispatcherServlet 'dispatcherServlet'
2024-11-30 20:50:56.730  INFO 14008 --- [http-nio-8080-exec-3] o.s.web.servlet.DispatcherServlet        : Initializing Servlet 'dispatcherServlet'
2024-11-30 20:50:56.736  INFO 14008 --- [http-nio-8080-exec-3] o.s.web.servlet.DispatcherServlet        : Completed initialization in 6 ms
2024-11-30 21:52:47.068  INFO 10640 --- [restartedMain] com.jbk.CampusdrivetrackApplication      : Starting CampusdrivetrackApplication using Java 21.0.3 on LAPTOP-GJ3ODAL2 with PID 10640 (C:\Users\Ruturaj\Downloads\campusdrivetrack\campusdrivetrack\target\classes started by Ruturaj in C:\Users\Ruturaj\Downloads\campusdrivetrack\campusdrivetrack)
2024-11-30 21:52:47.078  INFO 10640 --- [restartedMain] com.jbk.CampusdrivetrackApplication      : No active profile set, falling back to 1 default profile: "default"
2024-11-30 21:52:47.229  INFO 10640 --- [restartedMain] .e.DevToolsPropertyDefaultsPostProcessor : Devtools property defaults active! Set 'spring.devtools.add-properties' to 'false' to disable
2024-11-30 21:52:47.231  INFO 10640 --- [restartedMain] .e.DevToolsPropertyDefaultsPostProcessor : For additional web related logging consider setting the 'logging.level.web' property to 'DEBUG'
2024-11-30 21:52:48.775  INFO 10640 --- [restartedMain] .s.d.r.c.RepositoryConfigurationDelegate : Bootstrapping Spring Data JPA repositories in DEFAULT mode.
2024-11-30 21:52:48.824  INFO 10640 --- [restartedMain] .s.d.r.c.RepositoryConfigurationDelegate : Finished Spring Data repository scanning in 28 ms. Found 0 JPA repository interfaces.
2024-11-30 21:52:50.737  INFO 10640 --- [restartedMain] o.s.b.w.embedded.tomcat.TomcatWebServer  : Tomcat initialized with port(s): 8080 (http)
2024-11-30 21:52:50.772  INFO 10640 --- [restartedMain] o.apache.catalina.core.StandardService   : Starting service [Tomcat]
2024-11-30 21:52:50.780  INFO 10640 --- [restartedMain] org.apache.catalina.core.StandardEngine  : Starting Servlet engine: [Apache Tomcat/9.0.82]
2024-11-30 21:52:51.075  INFO 10640 --- [restartedMain] o.a.c.c.C.[Tomcat].[localhost].[/]       : Initializing Spring embedded WebApplicationContext
2024-11-30 21:52:51.078  INFO 10640 --- [restartedMain] w.s.c.ServletWebServerApplicationContext : Root WebApplicationContext: initialization completed in 3845 ms
2024-11-30 21:52:51.601  INFO 10640 --- [restartedMain] o.hibernate.jpa.internal.util.LogHelper  : HHH000204: Processing PersistenceUnitInfo [name: default]
2024-11-30 21:52:51.759  INFO 10640 --- [restartedMain] org.hibernate.Version                    : HHH000412: Hibernate ORM core version 5.6.15.Final
2024-11-30 21:52:52.101  INFO 10640 --- [restartedMain] o.hibernate.annotations.common.Version   : HCANN000001: Hibernate Commons Annotations {5.1.2.Final}
2024-11-30 21:52:52.305  INFO 10640 --- [restartedMain] com.zaxxer.hikari.HikariDataSource       : HikariPool-1 - Starting...
2024-11-30 21:52:53.387  INFO 10640 --- [restartedMain] com.zaxxer.hikari.HikariDataSource       : HikariPool-1 - Start completed.
2024-11-30 21:52:53.429  INFO 10640 --- [restartedMain] org.hibernate.dialect.Dialect            : HHH000400: Using dialect: org.hibernate.dialect.MySQL8Dialect
2024-11-30 21:52:54.810  INFO 10640 --- [restartedMain] o.h.e.t.j.p.i.JtaPlatformInitiator       : HHH000490: Using JtaPlatform implementation: [org.hibernate.engine.transaction.jta.platform.internal.NoJtaPlatform]
2024-11-30 21:52:54.846  INFO 10640 --- [restartedMain] j.LocalContainerEntityManagerFactoryBean : Initialized JPA EntityManagerFactory for persistence unit 'default'
2024-11-30 21:52:55.108  WARN 10640 --- [restartedMain] JpaBaseConfiguration$JpaWebConfiguration : spring.jpa.open-in-view is enabled by default. Therefore, database queries may be performed during view rendering. Explicitly configure spring.jpa.open-in-view to disable this warning
2024-11-30 21:52:55.879  INFO 10640 --- [restartedMain] o.s.b.d.a.OptionalLiveReloadServer       : LiveReload server is running on port 35729
2024-11-30 21:52:55.953  INFO 10640 --- [restartedMain] o.s.b.w.embedded.tomcat.TomcatWebServer  : Tomcat started on port(s): 8080 (http) with context path ''
2024-11-30 21:52:55.978  INFO 10640 --- [restartedMain] com.jbk.CampusdrivetrackApplication      : Started CampusdrivetrackApplication in 9.688 seconds (JVM running for 10.953)
2024-11-30 21:53:08.222  INFO 10640 --- [http-nio-8080-exec-1] o.a.c.c.C.[Tomcat].[localhost].[/]       : Initializing Spring DispatcherServlet 'dispatcherServlet'
2024-11-30 21:53:08.223  INFO 10640 --- [http-nio-8080-exec-1] o.s.web.servlet.DispatcherServlet        : Initializing Servlet 'dispatcherServlet'
2024-11-30 21:53:08.231  INFO 10640 --- [http-nio-8080-exec-1] o.s.web.servlet.DispatcherServlet        : Completed initialization in 8 ms
2024-11-30 21:53:08.660  INFO 10640 --- [http-nio-8080-exec-1] com.jbk.dup.login                        : the difference is100
2024-11-30 21:59:58.032  INFO 12332 --- [restartedMain] com.jbk.CampusdrivetrackApplication      : Starting CampusdrivetrackApplication using Java 21.0.3 on LAPTOP-GJ3ODAL2 with PID 12332 (C:\Users\Ruturaj\Downloads\campusdrivetrack\campusdrivetrack\target\classes started by Ruturaj in C:\Users\Ruturaj\Downloads\campusdrivetrack\campusdrivetrack)
2024-11-30 21:59:58.035  INFO 12332 --- [restartedMain] com.jbk.CampusdrivetrackApplication      : No active profile set, falling back to 1 default profile: "default"
2024-11-30 21:59:58.157  INFO 12332 --- [restartedMain] .e.DevToolsPropertyDefaultsPostProcessor : Devtools property defaults active! Set 'spring.devtools.add-properties' to 'false' to disable
2024-11-30 21:59:58.157  INFO 12332 --- [restartedMain] .e.DevToolsPropertyDefaultsPostProcessor : For additional web related logging consider setting the 'logging.level.web' property to 'DEBUG'
2024-11-30 21:59:59.625  INFO 12332 --- [restartedMain] .s.d.r.c.RepositoryConfigurationDelegate : Bootstrapping Spring Data JPA repositories in DEFAULT mode.
2024-11-30 21:59:59.674  INFO 12332 --- [restartedMain] .s.d.r.c.RepositoryConfigurationDelegate : Finished Spring Data repository scanning in 22 ms. Found 0 JPA repository interfaces.
2024-11-30 22:00:01.136  INFO 12332 --- [restartedMain] o.s.b.w.embedded.tomcat.TomcatWebServer  : Tomcat initialized with port(s): 8080 (http)
2024-11-30 22:00:01.161  INFO 12332 --- [restartedMain] o.apache.catalina.core.StandardService   : Starting service [Tomcat]
2024-11-30 22:00:01.163  INFO 12332 --- [restartedMain] org.apache.catalina.core.StandardEngine  : Starting Servlet engine: [Apache Tomcat/9.0.82]
2024-11-30 22:00:01.332  INFO 12332 --- [restartedMain] o.a.c.c.C.[Tomcat].[localhost].[/]       : Initializing Spring embedded WebApplicationContext
2024-11-30 22:00:01.334  INFO 12332 --- [restartedMain] w.s.c.ServletWebServerApplicationContext : Root WebApplicationContext: initialization completed in 3175 ms
2024-11-30 22:00:01.652  INFO 12332 --- [restartedMain] o.hibernate.jpa.internal.util.LogHelper  : HHH000204: Processing PersistenceUnitInfo [name: default]
2024-11-30 22:00:01.731  INFO 12332 --- [restartedMain] org.hibernate.Version                    : HHH000412: Hibernate ORM core version 5.6.15.Final
2024-11-30 22:00:02.025  INFO 12332 --- [restartedMain] o.hibernate.annotations.common.Version   : HCANN000001: Hibernate Commons Annotations {5.1.2.Final}
2024-11-30 22:00:02.227  INFO 12332 --- [restartedMain] com.zaxxer.hikari.HikariDataSource       : HikariPool-1 - Starting...
2024-11-30 22:00:02.869  INFO 12332 --- [restartedMain] com.zaxxer.hikari.HikariDataSource       : HikariPool-1 - Start completed.
2024-11-30 22:00:02.911  INFO 12332 --- [restartedMain] org.hibernate.dialect.Dialect            : HHH000400: Using dialect: org.hibernate.dialect.MySQL8Dialect
2024-11-30 22:00:04.282  INFO 12332 --- [restartedMain] o.h.e.t.j.p.i.JtaPlatformInitiator       : HHH000490: Using JtaPlatform implementation: [org.hibernate.engine.transaction.jta.platform.internal.NoJtaPlatform]
2024-11-30 22:00:04.300  INFO 12332 --- [restartedMain] j.LocalContainerEntityManagerFactoryBean : Initialized JPA EntityManagerFactory for persistence unit 'default'
2024-11-30 22:00:04.581  WARN 12332 --- [restartedMain] JpaBaseConfiguration$JpaWebConfiguration : spring.jpa.open-in-view is enabled by default. Therefore, database queries may be performed during view rendering. Explicitly configure spring.jpa.open-in-view to disable this warning
2024-11-30 22:00:05.279  INFO 12332 --- [restartedMain] o.s.b.d.a.OptionalLiveReloadServer       : LiveReload server is running on port 35729
2024-11-30 22:00:05.355  INFO 12332 --- [restartedMain] o.s.b.w.embedded.tomcat.TomcatWebServer  : Tomcat started on port(s): 8080 (http) with context path ''
2024-11-30 22:00:05.388  INFO 12332 --- [restartedMain] com.jbk.CampusdrivetrackApplication      : Started CampusdrivetrackApplication in 8.095 seconds (JVM running for 9.058)
2024-11-30 22:00:16.981  INFO 12332 --- [http-nio-8080-exec-2] o.a.c.c.C.[Tomcat].[localhost].[/]       : Initializing Spring DispatcherServlet 'dispatcherServlet'
2024-11-30 22:00:16.982  INFO 12332 --- [http-nio-8080-exec-2] o.s.web.servlet.DispatcherServlet        : Initializing Servlet 'dispatcherServlet'
2024-11-30 22:00:16.992  INFO 12332 --- [http-nio-8080-exec-2] o.s.web.servlet.DispatcherServlet        : Completed initialization in 10 ms
2024-11-30 22:00:17.325  INFO 12332 --- [http-nio-8080-exec-2] com.jbk.dup.login                        : just user login2024-11-30T16:30:17.324764Z
